This is pdfTeX, Version 3.1415926-2.3-1.40.12 (MiKTeX 2.9) (preloaded format=latex 2012.10.30)  10 JAN 2013 21:47
entering extended mode
**thesis.tex
(D:\research\doc\Thesis\kw-phd-thesis\thesis.tex
LaTeX2e <2011/06/27>
Babel <v3.8m> and hyphenation patterns for loaded.
(D:\research\doc\Thesis\kw-phd-thesis\puthesis.cls
(D:\research\doc\Thesis\kw-phd-thesis\psfig.tex
\@unused=\write3

psfig/tex 1.9
\ps@stream=\read1
\p@intvaluex=\dimen102
\p@intvaluey=\dimen103
)
Document Class: puthesis 1997/04/16 v1.3 Princeton University Thesis class
(D:\research\doc\Thesis\kw-phd-thesis\setspace.sty)
("F:\Program Files\CTEX\MiKTeX\tex\latex\graphics\epsfig.sty"
Package: epsfig 1999/02/16 v1.7a (e)psfig emulation (SPQR)

("F:\Program Files\CTEX\MiKTeX\tex\latex\graphics\graphicx.sty"
Package: graphicx 1999/02/16 v1.0f Enhanced LaTeX Graphics (DPC,SPQR)

("F:\Program Files\CTEX\MiKTeX\tex\latex\graphics\keyval.sty"
Package: keyval 1999/03/16 v1.13 key=value parser (DPC)
\KV@toks@=\toks14
)
("F:\Program Files\CTEX\MiKTeX\tex\latex\graphics\graphics.sty"
Package: graphics 2009/02/05 v1.0o Standard LaTeX Graphics (DPC,SPQR)

("F:\Program Files\CTEX\MiKTeX\tex\latex\graphics\trig.sty"
Package: trig 1999/03/16 v1.09 sin cos tan (DPC)
)
("F:\Program Files\CTEX\MiKTeX\tex\latex\00miktex\graphics.cfg"
File: graphics.cfg 2007/01/18 v1.5 graphics configuration of teTeX/TeXLive
)
Package graphics Info: Driver file: dvips.def on input line 91.

("F:\Program Files\CTEX\MiKTeX\tex\latex\graphics\dvips.def"
File: dvips.def 1999/02/16 v3.0i Driver-dependant file (DPC,SPQR)
))
\Gin@req@height=\dimen104
\Gin@req@width=\dimen105
)
\epsfxsize=\dimen106
\epsfysize=\dimen107
)
\c@subyear=\count79

("F:\Program Files\CTEX\MiKTeX\tex\latex\base\report.cls"
Document Class: report 2007/10/19 v1.4h Standard LaTeX document class
("F:\Program Files\CTEX\MiKTeX\tex\latex\base\size12.clo"
File: size12.clo 2007/10/19 v1.4h Standard LaTeX file (size option)
)
\c@part=\count80
\c@chapter=\count81
\c@section=\count82
\c@subsection=\count83
\c@subsubsection=\count84
\c@paragraph=\count85
\c@subparagraph=\count86
\c@figure=\count87
\c@table=\count88
\abovecaptionskip=\skip41
\belowcaptionskip=\skip42
\bibindent=\dimen108
))
("F:\Program Files\CTEX\MiKTeX\tex\latex\psnfss\times.sty"
Package: times 2005/04/12 PSNFSS-v9.2a (SPQR) 
)
("F:\Program Files\CTEX\UserData\tex\latex\listings\listings.sty"
\lst@mode=\count89
\lst@gtempboxa=\box26
\lst@token=\toks15
\lst@length=\count90
\lst@currlwidth=\dimen109
\lst@column=\count91
\lst@pos=\count92
\lst@lostspace=\dimen110
\lst@width=\dimen111
\lst@newlines=\count93
\lst@lineno=\count94
\lst@maxwidth=\dimen112

(D:\research\doc\Thesis\kw-phd-thesis\lstpatch.sty
File: lstpatch.sty 2002/10/13 1.0i (Carsten Heinz)


***
*** This is a patch for `listings.sty' version 1.0, but
*** you're using version 1.4.
***
*** Patch file not loaded.
***

) ("F:\Program Files\CTEX\UserData\tex\latex\listings\lstmisc.sty"
File: lstmisc.sty 2007/02/22 1.4 (Carsten Heinz)
\c@lstnumber=\count95
\lst@skipnumbers=\count96
\lst@framebox=\box27
)
("F:\Program Files\CTEX\UserData\tex\latex\listings\listings.cfg"
File: listings.cfg 2007/02/22 1.4 listings configuration
))
Package: listings 2007/02/22 1.4 (Carsten Heinz)

(D:\research\doc\Thesis\kw-phd-thesis\algorithm.sty
Package: algorithm 

Document Style `algorithm' - floating environment
("F:\Program Files\CTEX\MiKTeX\tex\latex\float\float.sty"
Package: float 2001/11/08 v1.3d Float enhancements (AL)
\c@float@type=\count97
\float@exts=\toks16
\float@box=\box28
\@float@everytoks=\toks17
\@floatcapt=\box29
)
("F:\Program Files\CTEX\MiKTeX\tex\latex\base\ifthen.sty"
Package: ifthen 2001/05/26 v1.1c Standard LaTeX ifthen package (DPC)
)
\@float@every@algorithm=\toks18
\c@algorithm=\count98
)
(D:\research\doc\Thesis\kw-phd-thesis\algorithmic.sty
Package: algorithmic 2006/06/02

Document Style `algorithmic' - environment
("F:\Program Files\CTEX\MiKTeX\tex\latex\tools\calc.sty"
Package: calc 2007/08/22 v4.3 Infix arithmetic (KKT,FJ)
\calc@Acount=\count99
\calc@Bcount=\count100
\calc@Adimen=\dimen113
\calc@Bdimen=\dimen114
\calc@Askip=\skip43
\calc@Bskip=\skip44
LaTeX Info: Redefining \setlength on input line 76.
LaTeX Info: Redefining \addtolength on input line 77.
\calc@Ccount=\count101
\calc@Cskip=\skip45
)
\c@ALC@line=\count102
\c@ALC@rem=\count103
\c@ALC@depth=\count104
\ALC@tlm=\skip46
\algorithmicindent=\skip47
)
("F:\Program Files\CTEX\MiKTeX\tex\latex\amsfonts\amsfonts.sty"
Package: amsfonts 2009/06/22 v3.00 Basic AMSFonts support
\@emptytoks=\toks19
\symAMSa=\mathgroup4
\symAMSb=\mathgroup5
LaTeX Font Info:    Overwriting math alphabet `\mathfrak' in version `bold'
(Font)                  U/euf/m/n --> U/euf/b/n on input line 96.
)
("F:\Program Files\CTEX\MiKTeX\tex\latex\ams\math\amsmath.sty"
Package: amsmath 2000/07/18 v2.13 AMS math features
\@mathmargin=\skip48

For additional information on amsmath, use the `?' option.
("F:\Program Files\CTEX\MiKTeX\tex\latex\ams\math\amstext.sty"
Package: amstext 2000/06/29 v2.01

("F:\Program Files\CTEX\MiKTeX\tex\latex\ams\math\amsgen.sty"
File: amsgen.sty 1999/11/30 v2.0
\@emptytoks=\toks20
\ex@=\dimen115
))
("F:\Program Files\CTEX\MiKTeX\tex\latex\ams\math\amsbsy.sty"
Package: amsbsy 1999/11/29 v1.2d
\pmbraise@=\dimen116
)
("F:\Program Files\CTEX\MiKTeX\tex\latex\ams\math\amsopn.sty"
Package: amsopn 1999/12/14 v2.01 operator names
)
\inf@bad=\count105
LaTeX Info: Redefining \frac on input line 211.
\uproot@=\count106
\leftroot@=\count107
LaTeX Info: Redefining \overline on input line 307.
\classnum@=\count108
\DOTSCASE@=\count109
LaTeX Info: Redefining \ldots on input line 379.
LaTeX Info: Redefining \dots on input line 382.
LaTeX Info: Redefining \cdots on input line 467.
\Mathstrutbox@=\box30
\strutbox@=\box31
\big@size=\dimen117
LaTeX Font Info:    Redeclaring font encoding OML on input line 567.
LaTeX Font Info:    Redeclaring font encoding OMS on input line 568.
\macc@depth=\count110
\c@MaxMatrixCols=\count111
\dotsspace@=\muskip10
\c@parentequation=\count112
\dspbrk@lvl=\count113
\tag@help=\toks21
\row@=\count114
\column@=\count115
\maxfields@=\count116
\andhelp@=\toks22
\eqnshift@=\dimen118
\alignsep@=\dimen119
\tagshift@=\dimen120
\tagwidth@=\dimen121
\totwidth@=\dimen122
\lineht@=\dimen123
\@envbody=\toks23
\multlinegap=\skip49
\multlinetaggap=\skip50
\mathdisplay@stack=\toks24
LaTeX Info: Redefining \[ on input line 2666.
LaTeX Info: Redefining \] on input line 2667.
)
("F:\Program Files\CTEX\UserData\tex\latex\subfigure\subfigure.sty"
Package: subfigure 2002/07/30 v2.1.4 subfigure package
\subfigtopskip=\skip51
\subfigcapskip=\skip52
\subfigcaptopadj=\dimen124
\subfigbottomskip=\skip53
\subfigcapmargin=\dimen125
\subfiglabelskip=\skip54
\c@subfigure=\count117
\c@lofdepth=\count118
\c@subtable=\count119
\c@lotdepth=\count120

****************************************
* Local config file subfigure.cfg used *
****************************************
("F:\Program Files\CTEX\UserData\tex\latex\subfigure\subfigure.cfg")
\subfig@top=\skip55
\subfig@bottom=\skip56
)
("F:\Program Files\CTEX\MiKTeX\tex\latex\tools\tabularx.sty"
Package: tabularx 1999/01/07 v2.07 `tabularx' package (DPC)

("F:\Program Files\CTEX\MiKTeX\tex\latex\tools\array.sty"
Package: array 2008/09/09 v2.4c Tabular extension package (FMi)
\col@sep=\dimen126
\extrarowheight=\dimen127
\NC@list=\toks25
\extratabsurround=\skip57
\backup@length=\skip58
)
\TX@col@width=\dimen128
\TX@old@table=\dimen129
\TX@old@col=\dimen130
\TX@target=\dimen131
\TX@delta=\dimen132
\TX@cols=\count121
\TX@ftn=\toks26
)
(D:\research\doc\Thesis\kw-phd-thesis\booktabs.sty
Package: booktabs 2005/04/14 v1.61803 publication quality tables
\heavyrulewidth=\dimen133
\lightrulewidth=\dimen134
\cmidrulewidth=\dimen135
\belowrulesep=\dimen136
\belowbottomsep=\dimen137
\aboverulesep=\dimen138
\abovetopsep=\dimen139
\cmidrulesep=\dimen140
\cmidrulekern=\dimen141
\defaultaddspace=\dimen142
\@cmidla=\count122
\@cmidlb=\count123
\@aboverulesep=\dimen143
\@belowrulesep=\dimen144
\@thisruleclass=\count124
\@lastruleclass=\count125
\@thisrulewidth=\dimen145
)
(D:\research\doc\Thesis\kw-phd-thesis\footmisc.sty
Package: footmisc 1999/03/31 v3.3j1 a miscellany of footnote facilities
\footnotemargin=\dimen146
\FN@tempboxb=\box32
\FN@tempboxc=\box33
)
(D:\research\doc\Thesis\kw-phd-thesis\fancyhdr.sty
\fancy@headwidth=\skip59
\f@ncyO@elh=\skip60
\f@ncyO@erh=\skip61
\f@ncyO@olh=\skip62
\f@ncyO@orh=\skip63
\f@ncyO@elf=\skip64
\f@ncyO@erf=\skip65
\f@ncyO@olf=\skip66
\f@ncyO@orf=\skip67
)
("F:\Program Files\CTEX\MiKTeX\tex\latex\graphics\lscape.sty"
Package: lscape 2000/10/22 v3.01 Landscape Pages (DPC)
)
("F:\Program Files\CTEX\UserData\tex\latex\cases\cases.sty"
Package: cases 2002/05/02 ver 2.5 
)
("F:\Program Files\CTEX\MiKTeX\tex\latex\ltxmisc\url.sty"
\Urlmuskip=\muskip11
Package: url 2006/04/12  ver 3.3  Verb mode for urls, etc.
)
("F:\Program Files\CTEX\MiKTeX\tex\latex\tools\enumerate.sty"
Package: enumerate 1999/03/05 v3.00 enumerate extensions (DPC)
\@enLab=\toks27
)
(D:\research\doc\Thesis\kw-phd-thesis\thesis.aux)
LaTeX Font Info:    Checking defaults for OML/cmm/m/it on input line 143.
LaTeX Font Info:    ... okay on input line 143.
LaTeX Font Info:    Checking defaults for T1/cmr/m/n on input line 143.
LaTeX Font Info:    ... okay on input line 143.
LaTeX Font Info:    Checking defaults for OT1/cmr/m/n on input line 143.
LaTeX Font Info:    ... okay on input line 143.
LaTeX Font Info:    Checking defaults for OMS/cmsy/m/n on input line 143.
LaTeX Font Info:    ... okay on input line 143.
LaTeX Font Info:    Checking defaults for OMX/cmex/m/n on input line 143.
LaTeX Font Info:    ... okay on input line 143.
LaTeX Font Info:    Checking defaults for U/cmr/m/n on input line 143.
LaTeX Font Info:    ... okay on input line 143.
LaTeX Font Info:    Try loading font information for OT1+ptm on input line 143.


("F:\Program Files\CTEX\MiKTeX\tex\latex\psnfss\ot1ptm.fd"
File: ot1ptm.fd 2001/06/04 font definitions for OT1/ptm.
)
File: ntu.eps Graphic file (type eps)
 <ntu.eps> [1

]
LaTeX Font Info:    Font shape `OT1/ptm/bx/n' in size <17.28> not available
(Font)              Font shape `OT1/ptm/b/n' tried instead on input line 143.

[1

] [2] [3

]
LaTeX Font Info:    Font shape `OT1/ptm/bx/n' in size <24.88> not available
(Font)              Font shape `OT1/ptm/b/n' tried instead on input line 143.
 (D:\research\doc\Thesis\kw-phd-thesis\thesis.toc
LaTeX Font Info:    Try loading font information for U+msa on input line 1.

("F:\Program Files\CTEX\MiKTeX\tex\latex\amsfonts\umsa.fd"
File: umsa.fd 2009/06/22 v3.00 AMS symbols A
)
LaTeX Font Info:    Try loading font information for U+msb on input line 1.

("F:\Program Files\CTEX\MiKTeX\tex\latex\amsfonts\umsb.fd"
File: umsb.fd 2009/06/22 v3.00 AMS symbols B
)
LaTeX Font Info:    Font shape `OT1/ptm/bx/n' in size <12> not available
(Font)              Font shape `OT1/ptm/b/n' tried instead on input line 5.
 [4


] [5])
\tf@toc=\write4
 [6]
(D:\research\doc\Thesis\kw-phd-thesis\thesis.lof [7


] [8] [9] [10] [11] [12])
\tf@lof=\write5

[13]
\c@lstlisting=\count126

Chapter 1.
(D:\research\doc\Thesis\kw-phd-thesis\chap1_intro.tex
File: figs/f1.geomodels.eps Graphic file (type eps)
 <figs/f1.geomodels.eps>
[1



]
File: figs/f1.3dsMax.eps Graphic file (type eps)
 <figs/f1.3dsMax.eps>
LaTeX Font Info:    Font shape `OT1/ptm/bx/n' in size <10.95> not available
(Font)              Font shape `OT1/ptm/b/n' tried instead on input line 67.
 [2]
File: figs/f1.sketch.eps Graphic file (type eps)
 <figs/f1.sketch.eps> [3]
LaTeX Font Info:    Try loading font information for OMS+ptm on input line 117.


("F:\Program Files\CTEX\MiKTeX\tex\latex\psnfss\omsptm.fd"
File: omsptm.fd 
)
LaTeX Font Info:    Font shape `OMS/ptm/m/n' in size <12> not available
(Font)              Font shape `OMS/cmsy/m/n' tried instead on input line 117.
 [4] [5] [6])
[7]
Chapter 2.
(D:\research\doc\Thesis\kw-phd-thesis\chap2_review.tex [8

]
LaTeX Font Info:    Font shape `OT1/ptm/bx/n' in size <14.4> not available
(Font)              Font shape `OT1/ptm/b/n' tried instead on input line 46.
 [9]
Overfull \hbox (15.03815pt too wide) in paragraph at lines 80--95
[][]\OT1/ptm/m/n/12 Olga Karpenko et al. [[]] pro-posed a sim-i-lar sys-tem to 
Ted-dy, but they used the RBF(Radial
 []

[10] [11] [12] [13] [14] [15] [16] [17] [18] [19] [20] [21] [22] [23] [24]
[25] [26]) [27]
Chapter 3.
(D:\research\doc\Thesis\kw-phd-thesis\chap3_framework.tex [28

] [29] [30]
File: figs/f3.pig-1.eps Graphic file (type eps)

<figs/f3.pig-1.eps>
Overfull \hbox (18.0028pt too wide) in paragraph at lines 162--162
 [][] 
 []

File: figs/f3.pig-2.eps Graphic file (type eps)
<figs/f3.pig-2.eps>
Overfull \hbox (18.0028pt too wide) in paragraph at lines 169--169
 [][][] 
 []

File: figs/f3.pig-3.eps Graphic file (type eps)
<figs/f3.pig-3.eps>
Overfull \hbox (18.0028pt too wide) in paragraph at lines 176--176
 [][][] 
 []

File: figs/f3.pig-4.eps Graphic file (type eps)
<figs/f3.pig-4.eps>
Overfull \hbox (18.0028pt too wide) in paragraph at lines 182--182
 [][][] 
 []

File: figs/f3.pig-5.eps Graphic file (type eps)
<figs/f3.pig-5.eps>
Overfull \hbox (18.0028pt too wide) in paragraph at lines 188--188
 [][][] 
 []

File: figs/f3.pig-6.eps Graphic file (type eps)
<figs/f3.pig-6.eps>
Overfull \hbox (10.22406pt too wide) in paragraph at lines 194--194
 [][][] 
 []

File: figs/f3.pig-7.eps Graphic file (type eps)
<figs/f3.pig-7.eps>
Overfull \hbox (10.22406pt too wide) in paragraph at lines 200--200
 [][][] 
 []

File: figs/f3.pig-8.eps Graphic file (type eps)
<figs/f3.pig-8.eps>
Overfull \hbox (10.22406pt too wide) in paragraph at lines 206--206
 [][][] 
 []

File: figs/f3.pig-9.eps Graphic file (type eps)
<figs/f3.pig-9.eps> [31] [32] [33]
File: figs/f3.fish-sculpt-1.eps Graphic file (type eps)
 <figs/f3.fish-sculpt-1.eps>
File: figs/f3.fish-sculpt-2.eps Graphic file (type eps)

<figs/f3.fish-sculpt-2.eps>
Overfull \hbox (9.85303pt too wide) in paragraph at lines 362--362
 [][][] 
 []

File: figs/f3.fish-sculpt-3.eps Graphic file (type eps)
<figs/f3.fish-sculpt-3.eps>
File: figs/f3.fish-sculpt-4.eps Graphic file (type eps)
 <figs/f3.fish-sculpt-4.eps>
Overfull \hbox (11.87102pt too wide) in paragraph at lines 376--376
 [][][] 
 []

File: figs/f3.fish-sculpt-5.eps Graphic file (type eps)
<figs/f3.fish-sculpt-5.eps> [34]
File: figs/f3.fish-deform-1.eps Graphic file (type eps)
 <figs/f3.fish-deform-1.eps>
File: figs/f3.fish-deform-2.eps Graphic file (type eps)

<figs/f3.fish-deform-2.eps>
File: figs/f3.fish-deform-3.eps Graphic file (type eps)
 <figs/f3.fish-deform-3.eps>
File: figs/f3.fish-deform-4.eps Graphic file (type eps)

<figs/f3.fish-deform-4.eps>
File: figs/f3.fish-deform-5.eps Graphic file (type eps)
 <figs/f3.fish-deform-5.eps>
File: figs/f3.fish-deform-6.eps Graphic file (type eps)

<figs/f3.fish-deform-6.eps> [35] [36] [37]
File: figs/f3.strokepre-1.eps Graphic file (type eps)
 <figs/f3.strokepre-1.eps>
File: figs/f3.strokepre-2.eps Graphic file (type eps)

<figs/f3.strokepre-2.eps>
File: figs/f3.strokepre-3.eps Graphic file (type eps)
 <figs/f3.strokepre-3.eps>
File: figs/f3.strokepre-4.eps Graphic file (type eps)
 <figs/f3.strokepre-4.eps>
[38] [39]
File: figs/f3.rule2-1.eps Graphic file (type eps)
 <figs/f3.rule2-1.eps>
File: figs/f3.rule2-2.eps Graphic file (type eps)
 <figs/f3.rule2-2.eps> [40]
File: figs/f3.CurveMerge1.eps Graphic file (type eps)

<figs/f3.CurveMerge1.eps>
File: figs/f3.CurveMerge2.eps Graphic file (type eps)
 <figs/f3.CurveMerge2.eps>
File: figs/f3.CurveMerge3.eps Graphic file (type eps)
 <figs/f3.CurveMerge3.eps>
[41] [42]
File: figs/f3.mushroom.eps Graphic file (type eps)
 <figs/f3.mushroom.eps>
File: figs/f3.6hole.eps Graphic file (type eps)
 <figs/f3.6hole.eps>
File: figs/f3.car.eps Graphic file (type eps)
 <figs/f3.car.eps>
File: figs/f3.censer.eps Graphic file (type eps)

<figs/f3.censer.eps>
File: figs/f3.bike.eps Graphic file (type eps)
 <figs/f3.bike.eps>
File: figs/f3.sculpture.eps Graphic file (type eps)
 <figs/f3.sculpture.eps>
Overfull \hbox (3.0pt too wide) in paragraph at lines 843--879
 [][][] 
 []


Overfull \hbox (3.0pt too wide) in paragraph at lines 843--879
 [] 
 []


Overfull \hbox (3.0pt too wide) in paragraph at lines 843--879
 [] 
 []


Overfull \hbox (3.0pt too wide) in paragraph at lines 843--879
 [] 
 []


Overfull \hbox (3.0pt too wide) in paragraph at lines 843--879
 [] 
 []


Overfull \hbox (3.0pt too wide) in paragraph at lines 843--879
 [] 
 []

File: figs/f3.cup.eps Graphic file (type eps)
<figs/f3.cup.eps>
File: figs/f3.rabbit.eps Graphic file (type eps)
 <figs/f3.rabbit.eps>
File: figs/f3.chair.eps Graphic file (type eps)
 <figs/f3.chair.eps>
Overfull \hbox (3.0pt too wide) in paragraph at lines 890--905
[][][]
 []


Overfull \hbox (3.0pt too wide) in paragraph at lines 890--905
[]
 []


Overfull \hbox (3.0pt too wide) in paragraph at lines 890--905
[] 
 []

[43] [44] [45] [46]) [47]
Chapter 4.
(D:\research\doc\Thesis\kw-phd-thesis\chap4_surfreconortho.tex [48

]
File: figs/f4.illu-workflow-2d1.eps Graphic file (type eps)

<figs/f4.illu-workflow-2d1.eps>
File: figs/f4.illu-workflow-2d2.eps Graphic file (type eps)
 <figs/f4.illu-workflow-2d2.eps>
File: figs/f4.illu-workflow-2d3.eps Graphic file (type eps)

<figs/f4.illu-workflow-2d3.eps>
File: figs/f4.illu-workflow-2d4.eps Graphic file (type eps)
 <figs/f4.illu-workflow-2d4.eps>
File: figs/f4.illu-workflow-2d5.eps Graphic file (type eps)

<figs/f4.illu-workflow-2d5.eps>
File: figs/f4.illu-workflow-2d6.eps Graphic file (type eps)
 <figs/f4.illu-workflow-2d6.eps>
File: figs/f4.illu-workflow-2d7.eps Graphic file (type eps)

<figs/f4.illu-workflow-2d7.eps> [49] [50]
File: figs/f3.surf-csgma-1.eps Graphic file (type eps)
 <figs/f3.surf-csgma-1.eps>
File: figs/f3.surf-csgma-2.eps Graphic file (type eps)

<figs/f3.surf-csgma-2.eps>
File: figs/f3.surf-csgma-3.eps Graphic file (type eps)
 <figs/f3.surf-csgma-3.eps>
File: figs/f3.surf-csgma-4.eps Graphic file (type eps)

<figs/f3.surf-csgma-4.eps>
File: figs/f3.surf-csgma-5.eps Graphic file (type eps)
 <figs/f3.surf-csgma-5.eps> [51]
LaTeX Font Info:    Font shape `OT1/ptm/bx/it' in size <17.28> not available
(Font)              Font shape `OT1/ptm/b/it' tried instead on input line 249.
File: figs/f3.surf-cshape-1.eps Graphic file (type eps)

<figs/f3.surf-cshape-1.eps>
Overfull \hbox (2.08911pt too wide) in paragraph at lines 260--260
 [][] 
 []

File: figs/f3.surf-cshape-2.eps Graphic file (type eps)
<figs/f3.surf-cshape-2.eps>
Overfull \hbox (2.08911pt too wide) in paragraph at lines 267--267
 [][][] 
 []

File: figs/f3.surf-cshape-3.eps Graphic file (type eps)
<figs/f3.surf-cshape-3.eps>
Overfull \hbox (2.08911pt too wide) in paragraph at lines 274--274
 [][][] 
 []

File: figs/f3.surf-cshape-4.eps Graphic file (type eps)
<figs/f3.surf-cshape-4.eps>
Overfull \hbox (2.08911pt too wide) in paragraph at lines 280--280
 [][][] 
 []

File: figs/f3.surf-cshape-5.eps Graphic file (type eps)
<figs/f3.surf-cshape-5.eps>
Overfull \hbox (2.08911pt too wide) in paragraph at lines 286--286
 [][][] 
 []

File: figs/f3.surf-cshape-6.eps Graphic file (type eps)
<figs/f3.surf-cshape-6.eps>
Overfull \hbox (2.08911pt too wide) in paragraph at lines 292--292
 [][][] 
 []

File: figs/f3.surf-cshape-7.eps Graphic file (type eps)
<figs/f3.surf-cshape-7.eps>
Overfull \hbox (2.08911pt too wide) in paragraph at lines 298--298
 [][][] 
 []

File: figs/f3.surf-cshape-8.eps Graphic file (type eps)
<figs/f3.surf-cshape-8.eps>
Overfull \hbox (2.08911pt too wide) in paragraph at lines 304--304
 [][][] 
 []

LaTeX Font Info:    Font shape `OT1/ptm/bx/it' in size <10.95> not available
(Font)              Font shape `OT1/ptm/b/it' tried instead on input line 329.
[52] [53]
File: figs/f3.surf-csinters-2.eps Graphic file (type eps)
 <figs/f3.surf-csinters-2.eps>
File: figs/f3.surf-csinters-3.eps Graphic file (type eps)
 <figs/f3.surf-csinters-3.eps>
File: figs/f3.surf-csinters-4.eps Graphic file (type eps)

<figs/f3.surf-csinters-4.eps>
File: figs/f3.surf-csinters-5.eps Graphic file (type eps)
 <figs/f3.surf-csinters-5.eps>
File: figs/f3.surf-csinters-6.eps Graphic file (type eps)

<figs/f3.surf-csinters-6.eps>
File: figs/f3.surf-csinters-7.eps Graphic file (type eps)
 <figs/f3.surf-csinters-7.eps> [54] [55]
File: figs/f3.surf-end-1.eps Graphic file (type eps)

<figs/f3.surf-end-1.eps>
File: figs/f3.surf-end-2.eps Graphic file (type eps)
 <figs/f3.surf-end-2.eps>
File: figs/f3.surf-end-3.eps Graphic file (type eps)
 <figs/f3.surf-end-3.eps>
File: figs/f3.surf-end-4.eps Graphic file (type eps)

<figs/f3.surf-end-4.eps>
File: figs/f3.surf-end-5.eps Graphic file (type eps)
 <figs/f3.surf-end-5.eps>
File: figs/f3.surf-end-6.eps Graphic file (type eps)
 <figs/f3.surf-end-6.eps>
[56] [57] [58]) [59]
Chapter 5.
(D:\research\doc\Thesis\kw-phd-thesis\chap5_deform.tex [60

] [61]
File: figs/f5.2.edge-based-graph.eps Graphic file (type eps)

<figs/f5.2.edge-based-graph.eps> [62]
File: figs/f5.1.baby-pc-3.eps Graphic file (type eps)
 <figs/f5.1.baby-pc-3.eps>
File: figs/f5.1.ver0-iso-3.eps Graphic file (type eps)

<figs/f5.1.ver0-iso-3.eps>
File: figs/f5.1.ver05-iso-3.eps Graphic file (type eps)
 <figs/f5.1.ver05-iso-3.eps>
File: figs/f5.1.ver10-iso-3.eps Graphic file (type eps)

<figs/f5.1.ver10-iso-3.eps>
File: figs/f5.1.edge0-iso-3.eps Graphic file (type eps)
 <figs/f5.1.edge0-iso-3.eps>
File: figs/f5.1.edge05-iso-3.eps Graphic file (type eps)

<figs/f5.1.edge05-iso-3.eps>
File: figs/f5.1.edge10-iso-3.eps Graphic file (type eps)
 <figs/f5.1.edge10-iso-3.eps> [63] [64]
File: figs/f5.3.Rigid.eps Graphic file (type eps)

<figs/f5.3.Rigid.eps>
File: figs/f5.3.Laplacian.eps Graphic file (type eps)
 <figs/f5.3.Laplacian.eps> [65]
File: figs/f5.4.dihedral1.eps Graphic file (type eps)
 <figs/f5.4.dihedral1.eps>
File: figs/f5.4.dihedral2.eps Graphic file (type eps)

<figs/f5.4.dihedral2.eps> [66] [67] [68] [69] [70]
File: figs/f5.5.original_pc-2.eps Graphic file (type eps)

<figs/f5.5.original_pc-2.eps>
File: figs/f5.5.ver0-3.eps Graphic file (type eps)
 <figs/f5.5.ver0-3.eps>
File: figs/f5.5.ver05-3.eps Graphic file (type eps)
 <figs/f5.5.ver05-3.eps>
File: figs/f5.5.ver10-3.eps Graphic file (type eps)

<figs/f5.5.ver10-3.eps>
File: figs/f5.5.edge0-3.eps Graphic file (type eps)
 <figs/f5.5.edge0-3.eps>
File: figs/f5.5.edge05-3.eps Graphic file (type eps)
 <figs/f5.5.edge05-3.eps>
File: figs/f5.5.edge10-3.eps Graphic file (type eps)

<figs/f5.5.edge10-3.eps>
File: figs/f5.6.original-pc-1.eps Graphic file (type eps)
 <figs/f5.6.original-pc-1.eps>
File: figs/f5.6.0flexible-3.eps Graphic file (type eps)

<figs/f5.6.0flexible-3.eps>
File: figs/f5.6.2flexible-3.eps Graphic file (type eps)
 <figs/f5.6.2flexible-3.eps>
File: figs/f5.6.5flexible-3.eps Graphic file (type eps)

<figs/f5.6.5flexible-3.eps>
File: figs/f5.6.8flexible-3.eps Graphic file (type eps)
 <figs/f5.6.8flexible-3.eps>
File: figs/f5.6.10flexible-3.eps Graphic file (type eps)

<figs/f5.6.10flexible-3.eps>
File: figs/f5.7.julius--Caesar-pc-1.eps Graphic file (type eps)
 <figs/f5.7.julius--Caesar-pc-1.eps>
File: figs/f5.7.0flexible-1.eps Graphic file (type eps)

<figs/f5.7.0flexible-1.eps>
File: figs/f5.7.2flexible-1.eps Graphic file (type eps)
 <figs/f5.7.2flexible-1.eps>
File: figs/f5.7.5flexible-1.eps Graphic file (type eps)

<figs/f5.7.5flexible-1.eps>
File: figs/f5.7.8flexible-1.eps Graphic file (type eps)
 <figs/f5.7.8flexible-1.eps>
File: figs/f5.7.10flexible-1.eps Graphic file (type eps)

<figs/f5.7.10flexible-1.eps>
File: figs/f5.8.planeMat2.eps Graphic file (type eps)
 <figs/f5.8.planeMat2.eps>
File: figs/f5.8.ver0-iso-1.eps Graphic file (type eps)

<figs/f5.8.ver0-iso-1.eps>
File: figs/f5.8.ver10-iso-1.eps Graphic file (type eps)
 <figs/f5.8.ver10-iso-1.eps>
File: figs/f5.8.verMat-iso-1.eps Graphic file (type eps)

<figs/f5.8.verMat-iso-1.eps> [71] [72] [73] [74]
File: figs/f5.9.JSMat2.eps Graphic file (type eps)
 <figs/f5.9.JSMat2.eps>
File: figs/f5.9.ver0-iso-1.eps Graphic file (type eps)

<figs/f5.9.ver0-iso-1.eps>
File: figs/f5.9.ver05-iso-1.eps Graphic file (type eps)
 <figs/f5.9.ver05-iso-1.eps>
File: figs/f5.9.ver10-iso-1.eps Graphic file (type eps)

<figs/f5.9.ver10-iso-1.eps>
File: figs/f5.9.verMat-iso-1.eps Graphic file (type eps)
 <figs/f5.9.verMat-iso-1.eps>
File: figs/f5.10.PigMat1-with-curve.eps Graphic file (type eps)

<figs/f5.10.PigMat1-with-curve.eps>
File: figs/f5.10.PigMat2.eps Graphic file (type eps)
 <figs/f5.10.PigMat2.eps>
File: figs/f5.10.PigMat3.eps Graphic file (type eps)

<figs/f5.10.PigMat3.eps>
File: figs/f5.10.PigMat4.eps Graphic file (type eps)
 <figs/f5.10.PigMat4.eps>
File: figs/f5.10.PigMat5.eps Graphic file (type eps)
 <figs/f5.10.PigMat5.eps>
[75] [76] [77]) [78]
Chapter 6.
(D:\research\doc\Thesis\kw-phd-thesis\chap6_editsurfrecon.tex [79

]
File: figs/f6.anatomy-input.eps Graphic file (type eps)

<figs/f6.anatomy-input.eps>
File: figs/f6.anatomy-tj-result.eps Graphic file (type eps)
 <figs/f6.anatomy-tj-result.eps>
File: figs/f6.anatomy-result-initial-union.eps Graphic file (type eps)

<figs/f6.anatomy-result-initial-union.eps>
Overfull \hbox (2.4594pt too wide) in paragraph at lines 68--68
 [][] 
 []

File: figs/f6.anatomy-result-initial.eps Graphic file (type eps)
<figs/f6.anatomy-result-initial.eps>
Overfull \hbox (2.4594pt too wide) in paragraph at lines 75--75
 [][][] 
 []

File: figs/f6.anatomy-split.eps Graphic file (type eps)
<figs/f6.anatomy-split.eps>
Overfull \hbox (2.4594pt too wide) in paragraph at lines 81--81
 [][][] 
 []

File: figs/f6.anatomy-result-edited.eps Graphic file (type eps)
<figs/f6.anatomy-result-edited.eps> [80] [81] [82]
File: figs/f6.illu-workflow-2d1.eps Graphic file (type eps)

<figs/f6.illu-workflow-2d1.eps>
File: figs/f6.illu-workflow-2d2.eps Graphic file (type eps)
 <figs/f6.illu-workflow-2d2.eps>
File: figs/f6.illu-workflow-2d3.eps Graphic file (type eps)

<figs/f6.illu-workflow-2d3.eps>
File: figs/f6.illu-workflow-2d4.eps Graphic file (type eps)
 <figs/f6.illu-workflow-2d4.eps>
File: figs/f6.illu-workflow-2d5.eps Graphic file (type eps)

<figs/f6.illu-workflow-2d5.eps>
File: figs/f6.illu-workflow-2d6.eps Graphic file (type eps)
 <figs/f6.illu-workflow-2d6.eps>
File: figs/f6.illu-workflow-2d7.eps Graphic file (type eps)

<figs/f6.illu-workflow-2d7.eps> [83]
LaTeX Font Info:    Font shape `OT1/ptm/bx/it' in size <14.4> not available
(Font)              Font shape `OT1/ptm/b/it' tried instead on input line 392.
File: figs/f6.illu-fru-non-intsct1.eps Graphic file (type eps)
 <figs/f6.illu-fru-non-intsct1.eps>
File: figs/f6.illu-fru-non-intsct2.eps Graphic file (type eps)

<figs/f6.illu-fru-non-intsct2.eps>
File: figs/f6.illu-fru-non-intsct3.eps Graphic file (type eps)
 <figs/f6.illu-fru-non-intsct3.eps>
File: figs/f6.illu-fru-non-intsct4.eps Graphic file (type eps)

<figs/f6.illu-fru-non-intsct4.eps>
File: figs/f6.illu-fru-non-intsct5.eps Graphic file (type eps)
 <figs/f6.illu-fru-non-intsct5.eps> [84]
File: figs/f6.illu-fru-intsct1.eps Graphic file (type eps)

<figs/f6.illu-fru-intsct1.eps>
File: figs/f6.illu-fru-intsct2.eps Graphic file (type eps)
 <figs/f6.illu-fru-intsct2.eps>
File: figs/f6.illu-fru-intsct3.eps Graphic file (type eps)

<figs/f6.illu-fru-intsct3.eps>
File: figs/f6.illu-fru-intsct4.eps Graphic file (type eps)
 <figs/f6.illu-fru-intsct4.eps>
File: figs/f6.illu-fru-intsct5.eps Graphic file (type eps)

<figs/f6.illu-fru-intsct5.eps>
File: figs/f6.illu-fru-intsct6.eps Graphic file (type eps)
 <figs/f6.illu-fru-intsct6.eps>
File: figs/f6.illu-fru-intsct7.eps Graphic file (type eps)

<figs/f6.illu-fru-intsct7.eps>
File: figs/f6.illu-fru-intsct8.eps Graphic file (type eps)
 <figs/f6.illu-fru-intsct8.eps> [85] [86]
[87]
File: figs/f6.illu-fru-endzone1.eps Graphic file (type eps)
 <figs/f6.illu-fru-endzone1.eps>
File: figs/f6.illu-fru-endzone2.eps Graphic file (type eps)
 <figs/f6.illu-fru-endzone2.eps> [88]
[89] [90]
File: figs/f6.joinFP-input.eps  Graphic file (type eps)
 <figs/f6.joinFP-input.eps >
File: figs/f6.joinFP-F-init.eps Graphic file (type eps)
 <figs/f6.joinFP-F-init.eps>
File: figs/f6.joinFP-join.eps Graphic file (type eps)

<figs/f6.joinFP-join.eps>
File: figs/f6.joinFP-P-init.eps Graphic file (type eps)
 <figs/f6.joinFP-P-init.eps>
File: figs/f6.joinFP-P.eps Graphic file (type eps)
 <figs/f6.joinFP-P.eps>
[91]
File: figs/f6.illu-join-2zone-1.eps Graphic file (type eps)
 <figs/f6.illu-join-2zone-1.eps>
File: figs/f6.illu-join-2zone-2.eps Graphic file (type eps)
 <figs/f6.illu-join-2zone-2.eps>
File: figs/f6.illu-join-2zone-3.eps Graphic file (type eps)

<figs/f6.illu-join-2zone-3.eps>
File: figs/f6.illu-join-2zone-4.eps Graphic file (type eps)
 <figs/f6.illu-join-2zone-4.eps>
File: figs/f6.illu-join-2zone-5.eps Graphic file (type eps)

<figs/f6.illu-join-2zone-5.eps>
File: figs/f6.illu-join-2zone-6.eps Graphic file (type eps)
 <figs/f6.illu-join-2zone-6.eps> [92]
File: figs/f6.BEsplit-input.eps Graphic file (type eps)

<figs/f6.BEsplit-input.eps>
File: figs/f6.BEsplit-B-init.eps Graphic file (type eps)
 <figs/f6.BEsplit-B-init.eps>
File: figs/f6.BEsplit-split1.eps Graphic file (type eps)

<figs/f6.BEsplit-split1.eps>
File: figs/f6.BEsplit-inbetween-init.eps Graphic file (type eps)
 <figs/f6.BEsplit-inbetween-init.eps>
File: figs/f6.BEsplit-split2.eps Graphic file (type eps)

<figs/f6.BEsplit-split2.eps>
File: figs/f6.BEsplit-E-init.eps Graphic file (type eps)
 <figs/f6.BEsplit-E-init.eps>
File: figs/f6.BEsplit-E.eps Graphic file (type eps)

<figs/f6.BEsplit-E.eps> [93]
File: figs/f6.cactus.eps Graphic file (type eps)
 <figs/f6.cactus.eps>
File: figs/f6.teacup.eps Graphic file (type eps)
 <figs/f6.teacup.eps>
File: figs/f6.tooth.eps Graphic file (type eps)

<figs/f6.tooth.eps>
File: figs/f6.tree.eps Graphic file (type eps)
 <figs/f6.tree.eps>
Overfull \hbox (25.31516pt too wide) in paragraph at lines 1088--1088
 [][][] 
 []

File: figs/f6.stomach.eps Graphic file (type eps)
<figs/f6.stomach.eps>
File: figs/f6.hand.eps Graphic file (type eps)
 <figs/f6.hand.eps> [94] [95]
File: figs/f6.skull-input.eps Graphic file (type eps)
 <figs/f6.skull-input.eps>
File: figs/f6.skull-init-union.eps Graphic file (type eps)

<figs/f6.skull-init-union.eps>
File: figs/f6.skull-init.eps Graphic file (type eps)
 <figs/f6.skull-init.eps>
Overfull \hbox (21.26343pt too wide) in paragraph at lines 1161--1161
 [][][] 
 []

File: figs/f6.skull-split.eps Graphic file (type eps)
<figs/f6.skull-split.eps>
File: figs/f6.skull-edit-union.eps Graphic file (type eps)
 <figs/f6.skull-edit-union.eps>
File: figs/f6.skull-edit.eps Graphic file (type eps)

<figs/f6.skull-edit.eps>
Overfull \hbox (21.26343pt too wide) in paragraph at lines 1181--1181
 [][][] 
 []

File: figs/f6.ovaries-input.eps Graphic file (type eps)
<figs/f6.ovaries-input.eps>
Overfull \hbox (9.7498pt too wide) in paragraph at lines 1195--1195
 [][] 
 []

File: figs/f6.ovaries-init-union.eps Graphic file (type eps)
<figs/f6.ovaries-init-union.eps>
File: figs/f6.ovaries-init.eps Graphic file (type eps)
 <figs/f6.ovaries-init.eps>
File: figs/f6.ovaries-join.eps Graphic file (type eps)

<figs/f6.ovaries-join.eps>
File: figs/f6.ovaries-edit-union.eps Graphic file (type eps)
 <figs/f6.ovaries-edit-union.eps>
File: figs/f6.ovaries-edit.eps Graphic file (type eps)

<figs/f6.ovaries-edit.eps> [96]
Overfull \hbox (27.91943pt too wide) in paragraph at lines 1263--1280
 [][] 
 []

[97]) [98]
Chapter 7.
(D:\research\doc\Thesis\kw-phd-thesis\chap7_conclusion.tex [99

] [100] [101])
[102] (D:\research\doc\Thesis\kw-phd-thesis\thesis.bbl
LaTeX Font Info:    Try loading font information for OT1+pcr on input line 5.

("F:\Program Files\CTEX\MiKTeX\tex\latex\psnfss\ot1pcr.fd"
File: ot1pcr.fd 2001/06/04 font definitions for OT1/pcr.
) [103


] [104]
[105] [106] [107] [108] [109] [110]

LaTeX Warning: Command \ss invalid in math mode on input line 484.

[111] [112] [113] [114] [115] [116] [117] [118] [119]
Missing character: There is no ¡ in font ptmr7t!
 [120]) [121]
(D:\research\doc\Thesis\kw-phd-thesis\chap8_mypub.tex
Overfull \hbox (3.88936pt too wide) in paragraph at lines 19--23
\OT1/ptm/m/n/12 ing with curves,'' \OT1/ptm/m/it/12 Computer-Aided De-sign and 
Ap-pli-ca-tion-s\OT1/ptm/m/n/12 , Vol.9, No.3, 2012, pp.361-
 []

[122


]) [123] (D:\research\doc\Thesis\kw-phd-thesis\thesis.aux) ) 
Here is how much of TeX's memory you used:
 4946 strings out of 495355
 72129 string characters out of 3183097
 129752 words of memory out of 3000000
 7832 multiletter control sequences out of 15000+200000
 18771 words of font info for 52 fonts, out of 3000000 for 9000
 14 hyphenation exceptions out of 8191
 39i,11n,43p,1516b,369s stack positions out of 5000i,500n,10000p,200000b,50000s

Output written on thesis.dvi (137 pages, 430672 bytes).
